<?xml version="1.0" encoding="UTF-8"?>
<!-- Generated by org.testng.reporters.JUnitReportReporter -->
<testsuite skipped="0" hostname="Babu" name="tests.TC001_CreateLead" tests="2" failures="0" timestamp="07 Jul 2019 05:00:17 GMT" time="32.398" errors="0">
  <testcase name="createLeadTest" time="15.194" classname="tests.TC001_CreateLead"/>
  <testcase name="createLeadTest" time="17.204" classname="tests.TC001_CreateLead"/>
</testsuite> <!-- tests.TC001_CreateLead -->
